<?xml version="1.0" encoding="UTF-8"?>
<!-- Generated by org.testng.reporters.JUnitXMLReporter -->
<testsuite ignored="4" hostname="NikhilShivarkar-PC" failures="6" tests="6" name="SetUp" time="0.396" errors="0" timestamp="2022-12-23T15:30:27 IST">
  <testcase classname="com.VMS.TestCases.TC_IntrgrationPartnerPageTest" name="AddIntrgrationPartner" time="0.035">
    <failure type="java.lang.NullPointerException" message="Cannot invoke &amp;quot;org.openqa.selenium.JavascriptExecutor.executeScript(String, Object[])&amp;quot; because &amp;quot;this.executor&amp;quot; is null">
      <![CDATA[java.lang.NullPointerException: Cannot invoke "org.openqa.selenium.JavascriptExecutor.executeScript(String, Object[])" because "this.executor" is null
at com.VMS.PageObject.vms_Home_MonitoringPage.openConfigurationPage(vms_Home_MonitoringPage.java:45)
at com.VMS.PageObject.vms_IntegrationPartnerPage.openIntegrationPartnerPage(vms_IntegrationPartnerPage.java:105)
at com.VMS.TestCases.TC_IntrgrationPartnerPageTest.AddIntrgrationPartner(TC_IntrgrationPartnerPageTest.java:14)
at java.base/java.util.ArrayList.forEach(ArrayList.java:1511)
... Removed 27 stack frames]]>
    </failure>
  </testcase> <!-- AddIntrgrationPartner -->
  <testcase classname="com.VMS.TestCases.TC_WebPagesTest" name="AddWebPages" time="0.003">
    <failure type="java.lang.NullPointerException" message="Cannot invoke &amp;quot;org.openqa.selenium.JavascriptExecutor.executeScript(String, Object[])&amp;quot; because &amp;quot;this.executor&amp;quot; is null">
      <![CDATA[java.lang.NullPointerException: Cannot invoke "org.openqa.selenium.JavascriptExecutor.executeScript(String, Object[])" because "this.executor" is null
at com.VMS.PageObject.vms_Home_MonitoringPage.openConfigurationPage(vms_Home_MonitoringPage.java:45)
at com.VMS.PageObject.vms_WebPagesPage.openWebPagespage(vms_WebPagesPage.java:66)
at com.VMS.TestCases.TC_WebPagesTest.AddWebPages(TC_WebPagesTest.java:16)
at java.base/java.util.ArrayList.forEach(ArrayList.java:1511)
... Removed 27 stack frames]]>
    </failure>
  </testcase> <!-- AddWebPages -->
  <testcase classname="com.VMS.TestCases.TC_ProcedurePageTest" name="addProcedureUserMustCommentToAcknowledge" time="0.017">
    <failure type="java.lang.IllegalArgumentException" message="Input must be set">
      <![CDATA[java.lang.IllegalArgumentException: Input must be set
at org.openqa.selenium.internal.Require.nonNull(Require.java:59)
at org.openqa.selenium.support.ui.FluentWait.<init>(FluentWait.java:97)
at org.openqa.selenium.support.ui.WebDriverWait.<init>(WebDriverWait.java:77)
at org.openqa.selenium.support.ui.WebDriverWait.<init>(WebDriverWait.java:46)
at com.VMS.PageObject.vms_ProcedurePage.<init>(vms_ProcedurePage.java:21)
at com.VMS.TestCases.TC_ProcedurePageTest.addProcedureUserMustCommentToAcknowledge(TC_ProcedurePageTest.java:24)
at java.base/java.util.ArrayList.forEach(ArrayList.java:1511)
... Removed 27 stack frames]]>
    </failure>
  </testcase> <!-- addProcedureUserMustCommentToAcknowledge -->
  <testcase classname="com.VMS.TestCases.TC_ProcedurePageTest" name="addProcedureToOpenNextActionAfterAck" time="0.004">
    <failure type="java.lang.IllegalArgumentException" message="Input must be set">
      <![CDATA[java.lang.IllegalArgumentException: Input must be set
at org.openqa.selenium.internal.Require.nonNull(Require.java:59)
at org.openqa.selenium.support.ui.FluentWait.<init>(FluentWait.java:97)
at org.openqa.selenium.support.ui.WebDriverWait.<init>(WebDriverWait.java:77)
at org.openqa.selenium.support.ui.WebDriverWait.<init>(WebDriverWait.java:46)
at com.VMS.PageObject.vms_ProcedurePage.<init>(vms_ProcedurePage.java:21)
at com.VMS.TestCases.TC_ProcedurePageTest.addProcedureToOpenNextActionAfterAck(TC_ProcedurePageTest.java:35)
at java.base/java.util.ArrayList.forEach(ArrayList.java:1511)
... Removed 27 stack frames]]>
    </failure>
  </testcase> <!-- addProcedureToOpenNextActionAfterAck -->
  <testcase classname="com.VMS.TestCases.TC_ProcedurePageTest" name="addProcedureToAttachFileForReference" time="0.002">
    <failure type="java.lang.IllegalArgumentException" message="Input must be set">
      <![CDATA[java.lang.IllegalArgumentException: Input must be set
at org.openqa.selenium.internal.Require.nonNull(Require.java:59)
at org.openqa.selenium.support.ui.FluentWait.<init>(FluentWait.java:97)
at org.openqa.selenium.support.ui.WebDriverWait.<init>(WebDriverWait.java:77)
at org.openqa.selenium.support.ui.WebDriverWait.<init>(WebDriverWait.java:46)
at com.VMS.PageObject.vms_ProcedurePage.<init>(vms_ProcedurePage.java:21)
at com.VMS.TestCases.TC_ProcedurePageTest.addProcedureToAttachFileForReference(TC_ProcedurePageTest.java:48)
at java.base/java.util.ArrayList.forEach(ArrayList.java:1511)
... Removed 27 stack frames]]>
    </failure>
  </testcase> <!-- addProcedureToAttachFileForReference -->
  <testcase classname="com.VMS.TestCases.TC_NetworkingPageTest" name="enableVAXTab" time="0.001">
    <failure type="java.lang.NullPointerException" message="Cannot invoke &amp;quot;org.openqa.selenium.JavascriptExecutor.executeScript(String, Object[])&amp;quot; because &amp;quot;this.executor&amp;quot; is null">
      <![CDATA[java.lang.NullPointerException: Cannot invoke "org.openqa.selenium.JavascriptExecutor.executeScript(String, Object[])" because "this.executor" is null
at com.VMS.PageObject.vms_Home_MonitoringPage.openConfigurationPage(vms_Home_MonitoringPage.java:45)
at com.VMS.TestCases.TC_NetworkingPageTest.enableVAXTab(TC_NetworkingPageTest.java:15)
at java.base/java.util.ArrayList.forEach(ArrayList.java:1511)
... Removed 27 stack frames]]>
    </failure>
  </testcase> <!-- enableVAXTab -->
  <testcase classname="com.VMS.TestCases.TC_ProcedurePageTest" name="addProcedureToAcknowledge" time="0.0">
    <ignored/>
  </testcase> <!-- addProcedureToAcknowledge -->
  <testcase classname="com.VMS.TestCases.TC_NetworkingPageTest" name="verifyIntegratedVAX" time="0.0">
    <ignored/>
  </testcase> <!-- verifyIntegratedVAX -->
  <testcase classname="com.VMS.TestCases.TC_IntrgrationPartnerPageTest" name="RefreshUserInformationfeature" time="0.0">
    <ignored/>
  </testcase> <!-- RefreshUserInformationfeature -->
  <testcase classname="com.VMS.TestCases.TC_IntrgrationPartnerPageTest" name="DeleteIntrgrationPartner" time="0.0">
    <ignored/>
  </testcase> <!-- DeleteIntrgrationPartner -->
</testsuite> <!-- SetUp -->
