<?xml version="1.0" encoding="UTF-8"?>
<!-- Generated by org.testng.reporters.JUnitXMLReporter -->
<testsuite ignored="3" hostname="NikhilShivarkar-PC" failures="1" tests="8" name="SetupTestingEnvironmentforVAX" time="663.648" errors="0" timestamp="2022-12-23T16:56:53 IST">
  <testcase classname="com.VMS.TestCases.TC_IntrgrationPartnerPageTest" name="AddIntrgrationPartner" time="23.11">
    <failure type="org.openqa.selenium.ElementClickInterceptedException" message="element click intercepted: Element &amp;lt;button ng-if=&amp;quot;cTab == &amp;apos;0&amp;apos;&amp;quot; class=&amp;quot;vms-popup-btn ng-scope&amp;quot; data-language-aware=&amp;quot;innertext;title&amp;quot; id=&amp;quot;nextBtn&amp;quot; ng-click=&amp;quot;nextPrev(model,1)&amp;quot; ng-disabled=&amp;quot;myForm.$invalid&amp;quot; type=&amp;quot;button&amp;quot; style=&amp;quot;direction: ltr;&amp;quot; aria-disabled=&amp;quot;false&amp;quot; custom-tooltip=&amp;quot;...&amp;quot;&amp;gt;Next&amp;lt;/button&amp;gt; is not clickable at point (1111, 800). Other element would receive the click: &amp;lt;div modal-render=&amp;quot;true&amp;quot; tabindex=&amp;quot;-1&amp;quot; role=&amp;quot;dialog&amp;quot; class=&amp;quot;modal fade ng-isolate-scope confirm-modal 6b8bf589-7e74-4030-bce7-9533e97f419f in&amp;quot; uib-modal-animation-class=&amp;quot;fade&amp;quot; modal-in-class=&amp;quot;in&amp;quot; ng-style=&amp;quot;{&amp;apos;z-index&amp;apos;: 1050 + index*10, display: &amp;apos;block&amp;apos;}&amp;quot; uib-modal-window=&amp;quot;modal-window&amp;quot; window-class=&amp;quot;confirm-modal 6b8bf589-7e74-4030-bce7-9533e97f419f&amp;quot; index=&amp;quot;1&amp;quot; animate=&amp;quot;animate&amp;quot; modal-animation=&amp;quot;true&amp;quot; style=&amp;quot;z-index: 1060; display: block;&amp;quot;&amp;gt;...&amp;lt;/div&amp;gt;
  (Session info: chrome=108.0.5359.125)
Build info: version: &amp;apos;4.4.0&amp;apos;, revision: &amp;apos;e5c75ed026a&amp;apos;
System info: host: &amp;apos;NIKHILSHIVARKAR&amp;apos;, ip: &amp;apos;172.20.10.140&amp;apos;, os.name: &amp;apos;Windows 10&amp;apos;, os.arch: &amp;apos;amd64&amp;apos;, os.version: &amp;apos;10.0&amp;apos;, java.version: &amp;apos;17.0.4.1&amp;apos;
Driver info: org.openqa.selenium.chrome.ChromeDriver
Command: [7530c050202e43051d5b3f6171240db2, clickElement {id=029f8a0d-7902-47f1-84d2-5625ecd90294}]
Capabilities {acceptInsecureCerts: false, browserName: chrome, browserVersion: 108.0.5359.125, chrome: {chromedriverVersion: 108.0.5359.71 (1e0e3868ee06..., userDataDir: C:\Users\nikhils\AppData\Lo...}, goog:chromeOptions: {debuggerAddress: localhost:51149}, networkConnectionEnabled: false, pageLoadStrategy: normal, platformName: WINDOWS, proxy: Proxy(), se:cdp: ws://localhost:51149/devtoo..., se:cdpVersion: 108.0.5359.125, setWindowRect: true, strictFileInteractability: false, timeouts: {implicit: 0, pageLoad: 300000, script: 30000}, unhandledPromptBehavior: dismiss and notify, webauthn:extension:credBlob: true, webauthn:extension:largeBlob: true, webauthn:virtualAuthenticators: true}
Element: [[ChromeDriver: chrome on WINDOWS (7530c050202e43051d5b3f6171240db2)] -&amp;gt; xpath: //button[text()=&amp;apos;Next&amp;apos;]]
Session ID: 7530c050202e43051d5b3f6171240db2">
      <![CDATA[org.openqa.selenium.ElementClickInterceptedException: element click intercepted: Element <button ng-if="cTab == '0'" class="vms-popup-btn ng-scope" data-language-aware="innertext;title" id="nextBtn" ng-click="nextPrev(model,1)" ng-disabled="myForm.$invalid" type="button" style="direction: ltr;" aria-disabled="false" custom-tooltip="...">Next</button> is not clickable at point (1111, 800). Other element would receive the click: <div modal-render="true" tabindex="-1" role="dialog" class="modal fade ng-isolate-scope confirm-modal 6b8bf589-7e74-4030-bce7-9533e97f419f in" uib-modal-animation-class="fade" modal-in-class="in" ng-style="{'z-index': 1050 + index*10, display: 'block'}" uib-modal-window="modal-window" window-class="confirm-modal 6b8bf589-7e74-4030-bce7-9533e97f419f" index="1" animate="animate" modal-animation="true" style="z-index: 1060; display: block;">...</div>
  (Session info: chrome=108.0.5359.125)
Build info: version: '4.4.0', revision: 'e5c75ed026a'
System info: host: 'NIKHILSHIVARKAR', ip: '172.20.10.140', os.name: 'Windows 10', os.arch: 'amd64', os.version: '10.0', java.version: '17.0.4.1'
Driver info: org.openqa.selenium.chrome.ChromeDriver
Command: [7530c050202e43051d5b3f6171240db2, clickElement {id=029f8a0d-7902-47f1-84d2-5625ecd90294}]
Capabilities {acceptInsecureCerts: false, browserName: chrome, browserVersion: 108.0.5359.125, chrome: {chromedriverVersion: 108.0.5359.71 (1e0e3868ee06..., userDataDir: C:\Users\nikhils\AppData\Lo...}, goog:chromeOptions: {debuggerAddress: localhost:51149}, networkConnectionEnabled: false, pageLoadStrategy: normal, platformName: WINDOWS, proxy: Proxy(), se:cdp: ws://localhost:51149/devtoo..., se:cdpVersion: 108.0.5359.125, setWindowRect: true, strictFileInteractability: false, timeouts: {implicit: 0, pageLoad: 300000, script: 30000}, unhandledPromptBehavior: dismiss and notify, webauthn:extension:credBlob: true, webauthn:extension:largeBlob: true, webauthn:virtualAuthenticators: true}
Element: [[ChromeDriver: chrome on WINDOWS (7530c050202e43051d5b3f6171240db2)] -> xpath: //button[text()='Next']]
Session ID: 7530c050202e43051d5b3f6171240db2
at org.openqa.selenium.remote.codec.w3c.W3CHttpResponseCodec.createException(W3CHttpResponseCodec.java:200)
at org.openqa.selenium.remote.codec.w3c.W3CHttpResponseCodec.decode(W3CHttpResponseCodec.java:133)
at org.openqa.selenium.remote.codec.w3c.W3CHttpResponseCodec.decode(W3CHttpResponseCodec.java:53)
at org.openqa.selenium.remote.HttpCommandExecutor.execute(HttpCommandExecutor.java:184)
at org.openqa.selenium.remote.service.DriverCommandExecutor.invokeExecute(DriverCommandExecutor.java:167)
at org.openqa.selenium.remote.service.DriverCommandExecutor.execute(DriverCommandExecutor.java:142)
at org.openqa.selenium.remote.RemoteWebDriver.execute(RemoteWebDriver.java:547)
at org.openqa.selenium.remote.RemoteWebElement.execute(RemoteWebElement.java:257)
at org.openqa.selenium.remote.RemoteWebElement.click(RemoteWebElement.java:78)
at org.openqa.selenium.support.pagefactory.internal.LocatingElementHandler.invoke(LocatingElementHandler.java:52)
at jdk.proxy2/jdk.proxy2.$Proxy31.click(Unknown Source)
at com.VMS.PageObject.vms_IntegrationPartnerPage.ClickOnNEXTbtn(vms_IntegrationPartnerPage.java:167)
at com.VMS.TestCases.TC_IntrgrationPartnerPageTest.AddIntrgrationPartner(TC_IntrgrationPartnerPageTest.java:32)
at java.base/java.util.ArrayList.forEach(ArrayList.java:1511)
... Removed 36 stack frames]]>
    </failure>
  </testcase> <!-- AddIntrgrationPartner -->
  <testcase classname="com.VMS.TestCases.TC_WebPagesTest" name="AddWebPages" time="20.046"/>
  <testcase classname="com.VMS.TestCases.TC_ProcedurePageTest" name="addProcedureToAcknowledge" time="1.685"/>
  <testcase classname="com.VMS.TestCases.TC_ProcedurePageTest" name="addProcedureUserMustCommentToAcknowledge" time="1.518"/>
  <testcase classname="com.VMS.TestCases.TC_ProcedurePageTest" name="addProcedureToOpenNextActionAfterAck" time="1.727"/>
  <testcase classname="com.VMS.TestCases.TC_ProcedurePageTest" name="addProcedureToAttachFileForReference" time="2.653"/>
  <testcase classname="com.VMS.TestCases.TC_NetworkingPageTest" name="enableVAXTab" time="1.971"/>
  <testcase classname="com.VMS.TestCases.TC_AlarmsPageTest" name="addVAXalarm" time="572.62"/>
  <testcase classname="com.VMS.TestCases.TC_NetworkingPageTest" name="verifyIntegratedVAX" time="0.0">
    <ignored/>
  </testcase> <!-- verifyIntegratedVAX -->
  <testcase classname="com.VMS.TestCases.TC_IntrgrationPartnerPageTest" name="RefreshUserInformationfeature" time="0.0">
    <ignored/>
  </testcase> <!-- RefreshUserInformationfeature -->
  <testcase classname="com.VMS.TestCases.TC_IntrgrationPartnerPageTest" name="DeleteIntrgrationPartner" time="0.0">
    <ignored/>
  </testcase> <!-- DeleteIntrgrationPartner -->
</testsuite> <!-- SetupTestingEnvironmentforVAX -->
