<html>
<head>
<title>TestNG:  SetupTestingEnvironmentforVAX</title>
<link href="../testng.css" rel="stylesheet" type="text/css" />
<link href="../my-testng.css" rel="stylesheet" type="text/css" />

<style type="text/css">
.log { display: none;} 
.stack-trace { display: none;} 
</style>
<script type="text/javascript">
<!--
function flip(e) {
  current = e.style.display;
  if (current == 'block') {
    e.style.display = 'none';
    return 0;
  }
  else {
    e.style.display = 'block';
    return 1;
  }
}

function toggleBox(szDivId, elem, msg1, msg2)
{
  var res = -1;  if (document.getElementById) {
    res = flip(document.getElementById(szDivId));
  }
  else if (document.all) {
    // this is the way old msie versions work
    res = flip(document.all[szDivId]);
  }
  if(elem) {
    if(res == 0) elem.innerHTML = msg1; else elem.innerHTML = msg2;
  }

}

function toggleAllBoxes() {
  if (document.getElementsByTagName) {
    d = document.getElementsByTagName('div');
    for (i = 0; i < d.length; i++) {
      if (d[i].className == 'log') {
        flip(d[i]);
      }
    }
  }
}

// -->
</script>

</head>
<body>
<h2 align='center'>SetupTestingEnvironmentforVAX</h2><table border='1' align="center">
<tr>
<td>Tests passed/Failed/Skipped:</td><td>7/1/0</td>
</tr><tr>
<td>Started on:</td><td>Fri Dec 23 16:45:49 IST 2022</td>
</tr>
<tr><td>Total time:</td><td>663 seconds (663648 ms)</td>
</tr><tr>
<td>Included groups:</td><td></td>
</tr><tr>
<td>Excluded groups:</td><td></td>
</tr>
</table><p/>
<small><i>(Hover the method name to see the test class name)</i></small><p/>
<table width='100%' border='1' class='invocation-failed'>
<tr><td colspan='4' align='center'><b>FAILED TESTS</b></td></tr>
<tr><td><b>Test method</b></td>
<td width="30%"><b>Exception</b></td>
<td width="10%"><b>Time (seconds)</b></td>
<td><b>Instance</b></td>
</tr>
<tr>
<td title='com.VMS.TestCases.TC_IntrgrationPartnerPageTest.AddIntrgrationPartner()'><b>AddIntrgrationPartner</b><br>Test class: com.VMS.TestCases.TC_IntrgrationPartnerPageTest</td>
<td><div><pre>org.openqa.selenium.ElementClickInterceptedException: element click intercepted: Element &lt;button ng-if=&quot;cTab == &apos;0&apos;&quot; class=&quot;vms-popup-btn ng-scope&quot; data-language-aware=&quot;innertext;title&quot; id=&quot;nextBtn&quot; ng-click=&quot;nextPrev(model,1)&quot; ng-disabled=&quot;myForm.$invalid&quot; type=&quot;button&quot; style=&quot;direction: ltr;&quot; aria-disabled=&quot;false&quot; custom-tooltip=&quot;...&quot;&gt;Next&lt;/button&gt; is not clickable at point (1111, 800). Other element would receive the click: &lt;div modal-render=&quot;true&quot; tabindex=&quot;-1&quot; role=&quot;dialog&quot; class=&quot;modal fade ng-isolate-scope confirm-modal 6b8bf589-7e74-4030-bce7-9533e97f419f in&quot; uib-modal-animation-class=&quot;fade&quot; modal-in-class=&quot;in&quot; ng-style=&quot;{&apos;z-index&apos;: 1050 + index*10, display: &apos;block&apos;}&quot; uib-modal-window=&quot;modal-window&quot; window-class=&quot;confirm-modal 6b8bf589-7e74-4030-bce7-9533e97f419f&quot; index=&quot;1&quot; animate=&quot;animate&quot; modal-animation=&quot;true&quot; style=&quot;z-index: 1060; display: block;&quot;&gt;...&lt;/div&gt;
  (Session info: chrome=108.0.5359.125)
Build info: version: &apos;4.4.0&apos;, revision: &apos;e5c75ed026a&apos;
System info: host: &apos;NIKHILSHIVARKAR&apos;, ip: &apos;172.20.10.140&apos;, os.name: &apos;Windows 10&apos;, os.arch: &apos;amd64&apos;, os.version: &apos;10.0&apos;, java.version: &apos;17.0.4.1&apos;
Driver info: org.openqa.selenium.chrome.ChromeDriver
Command: [7530c050202e43051d5b3f6171240db2, clickElement {id=029f8a0d-7902-47f1-84d2-5625ecd90294}]
Capabilities {acceptInsecureCerts: false, browserName: chrome, browserVersion: 108.0.5359.125, chrome: {chromedriverVersion: 108.0.5359.71 (1e0e3868ee06..., userDataDir: C:\Users\nikhils\AppData\Lo...}, goog:chromeOptions: {debuggerAddress: localhost:51149}, networkConnectionEnabled: false, pageLoadStrategy: normal, platformName: WINDOWS, proxy: Proxy(), se:cdp: ws://localhost:51149/devtoo..., se:cdpVersion: 108.0.5359.125, setWindowRect: true, strictFileInteractability: false, timeouts: {implicit: 0, pageLoad: 300000, script: 30000}, unhandledPromptBehavior: dismiss and notify, webauthn:extension:credBlob: true, webauthn:extension:largeBlob: true, webauthn:virtualAuthenticators: true}
Element: [[ChromeDriver: chrome on WINDOWS (7530c050202e43051d5b3f6171240db2)] -&gt; xpath: //button[text()=&apos;Next&apos;]]
Session ID: 7530c050202e43051d5b3f6171240db2
	at org.openqa.selenium.remote.codec.w3c.W3CHttpResponseCodec.createException(W3CHttpResponseCodec.java:200)
	at org.openqa.selenium.remote.codec.w3c.W3CHttpResponseCodec.decode(W3CHttpResponseCodec.java:133)
	at org.openqa.selenium.remote.codec.w3c.W3CHttpResponseCodec.decode(W3CHttpResponseCodec.java:53)
	at org.openqa.selenium.remote.HttpCommandExecutor.execute(HttpCommandExecutor.java:184)
	at org.openqa.selenium.remote.service.DriverCommandExecutor.invokeExecute(DriverCommandExecutor.java:167)
	at org.openqa.selenium.remote.service.DriverCommandExecutor.execute(DriverCommandExecutor.java:142)
	at org.openqa.selenium.remote.RemoteWebDriver.execute(RemoteWebDriver.java:547)
	at org.openqa.selenium.remote.RemoteWebElement.execute(RemoteWebElement.java:257)
	at org.openqa.selenium.remote.RemoteWebElement.click(RemoteWebElement.java:78)
	at org.openqa.selenium.support.pagefactory.internal.LocatingElementHandler.invoke(LocatingElementHandler.java:52)
	at jdk.proxy2/jdk.proxy2.$Proxy31.click(Unknown Source)
	at com.VMS.PageObject.vms_IntegrationPartnerPage.ClickOnNEXTbtn(vms_IntegrationPartnerPage.java:167)
	at com.VMS.TestCases.TC_IntrgrationPartnerPageTest.AddIntrgrationPartner(TC_IntrgrationPartnerPageTest.java:32)
	at java.base/java.util.ArrayList.forEach(ArrayList.java:1511)
... Removed 36 stack frames</pre></div><a href='#' onClick='toggleBox("stack-trace1861416877", this, "Click to show all stack frames", "Click to hide stack frames")'>Click to show all stack frames</a>
<div class='stack-trace' id='stack-trace1861416877'><pre>org.openqa.selenium.ElementClickInterceptedException: element click intercepted: Element &lt;button ng-if=&quot;cTab == &apos;0&apos;&quot; class=&quot;vms-popup-btn ng-scope&quot; data-language-aware=&quot;innertext;title&quot; id=&quot;nextBtn&quot; ng-click=&quot;nextPrev(model,1)&quot; ng-disabled=&quot;myForm.$invalid&quot; type=&quot;button&quot; style=&quot;direction: ltr;&quot; aria-disabled=&quot;false&quot; custom-tooltip=&quot;...&quot;&gt;Next&lt;/button&gt; is not clickable at point (1111, 800). Other element would receive the click: &lt;div modal-render=&quot;true&quot; tabindex=&quot;-1&quot; role=&quot;dialog&quot; class=&quot;modal fade ng-isolate-scope confirm-modal 6b8bf589-7e74-4030-bce7-9533e97f419f in&quot; uib-modal-animation-class=&quot;fade&quot; modal-in-class=&quot;in&quot; ng-style=&quot;{&apos;z-index&apos;: 1050 + index*10, display: &apos;block&apos;}&quot; uib-modal-window=&quot;modal-window&quot; window-class=&quot;confirm-modal 6b8bf589-7e74-4030-bce7-9533e97f419f&quot; index=&quot;1&quot; animate=&quot;animate&quot; modal-animation=&quot;true&quot; style=&quot;z-index: 1060; display: block;&quot;&gt;...&lt;/div&gt;
  (Session info: chrome=108.0.5359.125)
Build info: version: &apos;4.4.0&apos;, revision: &apos;e5c75ed026a&apos;
System info: host: &apos;NIKHILSHIVARKAR&apos;, ip: &apos;172.20.10.140&apos;, os.name: &apos;Windows 10&apos;, os.arch: &apos;amd64&apos;, os.version: &apos;10.0&apos;, java.version: &apos;17.0.4.1&apos;
Driver info: org.openqa.selenium.chrome.ChromeDriver
Command: [7530c050202e43051d5b3f6171240db2, clickElement {id=029f8a0d-7902-47f1-84d2-5625ecd90294}]
Capabilities {acceptInsecureCerts: false, browserName: chrome, browserVersion: 108.0.5359.125, chrome: {chromedriverVersion: 108.0.5359.71 (1e0e3868ee06..., userDataDir: C:\Users\nikhils\AppData\Lo...}, goog:chromeOptions: {debuggerAddress: localhost:51149}, networkConnectionEnabled: false, pageLoadStrategy: normal, platformName: WINDOWS, proxy: Proxy(), se:cdp: ws://localhost:51149/devtoo..., se:cdpVersion: 108.0.5359.125, setWindowRect: true, strictFileInteractability: false, timeouts: {implicit: 0, pageLoad: 300000, script: 30000}, unhandledPromptBehavior: dismiss and notify, webauthn:extension:credBlob: true, webauthn:extension:largeBlob: true, webauthn:virtualAuthenticators: true}
Element: [[ChromeDriver: chrome on WINDOWS (7530c050202e43051d5b3f6171240db2)] -&gt; xpath: //button[text()=&apos;Next&apos;]]
Session ID: 7530c050202e43051d5b3f6171240db2
	at java.base/jdk.internal.reflect.NativeConstructorAccessorImpl.newInstance0(Native Method)
	at java.base/jdk.internal.reflect.NativeConstructorAccessorImpl.newInstance(NativeConstructorAccessorImpl.java:77)
	at java.base/jdk.internal.reflect.DelegatingConstructorAccessorImpl.newInstance(DelegatingConstructorAccessorImpl.java:45)
	at java.base/java.lang.reflect.Constructor.newInstanceWithCaller(Constructor.java:499)
	at java.base/java.lang.reflect.Constructor.newInstance(Constructor.java:480)
	at org.openqa.selenium.remote.codec.w3c.W3CHttpResponseCodec.createException(W3CHttpResponseCodec.java:200)
	at org.openqa.selenium.remote.codec.w3c.W3CHttpResponseCodec.decode(W3CHttpResponseCodec.java:133)
	at org.openqa.selenium.remote.codec.w3c.W3CHttpResponseCodec.decode(W3CHttpResponseCodec.java:53)
	at org.openqa.selenium.remote.HttpCommandExecutor.execute(HttpCommandExecutor.java:184)
	at org.openqa.selenium.remote.service.DriverCommandExecutor.invokeExecute(DriverCommandExecutor.java:167)
	at org.openqa.selenium.remote.service.DriverCommandExecutor.execute(DriverCommandExecutor.java:142)
	at org.openqa.selenium.remote.RemoteWebDriver.execute(RemoteWebDriver.java:547)
	at org.openqa.selenium.remote.RemoteWebElement.execute(RemoteWebElement.java:257)
	at org.openqa.selenium.remote.RemoteWebElement.click(RemoteWebElement.java:78)
	at java.base/jdk.internal.reflect.NativeMethodAccessorImpl.invoke0(Native Method)
	at java.base/jdk.internal.reflect.NativeMethodAccessorImpl.invoke(NativeMethodAccessorImpl.java:77)
	at java.base/jdk.internal.reflect.DelegatingMethodAccessorImpl.invoke(DelegatingMethodAccessorImpl.java:43)
	at java.base/java.lang.reflect.Method.invoke(Method.java:568)
	at org.openqa.selenium.support.pagefactory.internal.LocatingElementHandler.invoke(LocatingElementHandler.java:52)
	at jdk.proxy2/jdk.proxy2.$Proxy31.click(Unknown Source)
	at com.VMS.PageObject.vms_IntegrationPartnerPage.ClickOnNEXTbtn(vms_IntegrationPartnerPage.java:167)
	at com.VMS.TestCases.TC_IntrgrationPartnerPageTest.AddIntrgrationPartner(TC_IntrgrationPartnerPageTest.java:32)
	at java.base/jdk.internal.reflect.NativeMethodAccessorImpl.invoke0(Native Method)
	at java.base/jdk.internal.reflect.NativeMethodAccessorImpl.invoke(NativeMethodAccessorImpl.java:77)
	at java.base/jdk.internal.reflect.DelegatingMethodAccessorImpl.invoke(DelegatingMethodAccessorImpl.java:43)
	at java.base/java.lang.reflect.Method.invoke(Method.java:568)
	at org.testng.internal.MethodInvocationHelper.invokeMethod(MethodInvocationHelper.java:133)
	at org.testng.internal.TestInvoker.invokeMethod(TestInvoker.java:598)
	at org.testng.internal.TestInvoker.invokeTestMethod(TestInvoker.java:173)
	at org.testng.internal.MethodRunner.runInSequence(MethodRunner.java:46)
	at org.testng.internal.TestInvoker$MethodInvocationAgent.invoke(TestInvoker.java:824)
	at org.testng.internal.TestInvoker.invokeTestMethods(TestInvoker.java:146)
	at org.testng.internal.TestMethodWorker.invokeTestMethods(TestMethodWorker.java:146)
	at org.testng.internal.TestMethodWorker.run(TestMethodWorker.java:128)
	at java.base/java.util.ArrayList.forEach(ArrayList.java:1511)
	at org.testng.TestRunner.privateRun(TestRunner.java:794)
	at org.testng.TestRunner.run(TestRunner.java:596)
	at org.testng.SuiteRunner.runTest(SuiteRunner.java:377)
	at org.testng.SuiteRunner.runSequentially(SuiteRunner.java:371)
	at org.testng.SuiteRunner.privateRun(SuiteRunner.java:332)
	at org.testng.SuiteRunner.run(SuiteRunner.java:276)
	at org.testng.SuiteRunnerWorker.runSuite(SuiteRunnerWorker.java:53)
	at org.testng.SuiteRunnerWorker.run(SuiteRunnerWorker.java:96)
	at org.testng.TestNG.runSuitesSequentially(TestNG.java:1212)
	at org.testng.TestNG.runSuitesLocally(TestNG.java:1134)
	at org.testng.TestNG.runSuites(TestNG.java:1063)
	at org.testng.TestNG.run(TestNG.java:1031)
	at org.testng.remote.AbstractRemoteTestNG.run(AbstractRemoteTestNG.java:115)
	at org.testng.remote.RemoteTestNG.initAndRun(RemoteTestNG.java:251)
	at org.testng.remote.RemoteTestNG.main(RemoteTestNG.java:77)
</pre></div></td>
<td>23</td>
<td>com.VMS.TestCases.TC_IntrgrationPartnerPageTest@2a2da905</td></tr>
</table><p>
<table width='100%' border='1' class='invocation-passed'>
<tr><td colspan='4' align='center'><b>PASSED TESTS</b></td></tr>
<tr><td><b>Test method</b></td>
<td width="30%"><b>Exception</b></td>
<td width="10%"><b>Time (seconds)</b></td>
<td><b>Instance</b></td>
</tr>
<tr>
<td title='com.VMS.TestCases.TC_ProcedurePageTest.addProcedureToAcknowledge()'><b>addProcedureToAcknowledge</b><br>Test class: com.VMS.TestCases.TC_ProcedurePageTest</td>
<td></td>
<td>1</td>
<td>com.VMS.TestCases.TC_ProcedurePageTest@1eba372c</td></tr>
<tr>
<td title='com.VMS.TestCases.TC_ProcedurePageTest.addProcedureToOpenNextActionAfterAck()'><b>addProcedureToOpenNextActionAfterAck</b><br>Test class: com.VMS.TestCases.TC_ProcedurePageTest</td>
<td></td>
<td>1</td>
<td>com.VMS.TestCases.TC_ProcedurePageTest@1eba372c</td></tr>
<tr>
<td title='com.VMS.TestCases.TC_AlarmsPageTest.addVAXalarm()'><b>addVAXalarm</b><br>Test class: com.VMS.TestCases.TC_AlarmsPageTest</td>
<td></td>
<td>572</td>
<td>com.VMS.TestCases.TC_AlarmsPageTest@25f9407e</td></tr>
<tr>
<td title='com.VMS.TestCases.TC_WebPagesTest.AddWebPages()'><b>AddWebPages</b><br>Test class: com.VMS.TestCases.TC_WebPagesTest</td>
<td></td>
<td>20</td>
<td>com.VMS.TestCases.TC_WebPagesTest@6cea706c</td></tr>
<tr>
<td title='com.VMS.TestCases.TC_NetworkingPageTest.enableVAXTab()'><b>enableVAXTab</b><br>Test class: com.VMS.TestCases.TC_NetworkingPageTest</td>
<td></td>
<td>1</td>
<td>com.VMS.TestCases.TC_NetworkingPageTest@21ec5d87</td></tr>
<tr>
<td title='com.VMS.TestCases.TC_ProcedurePageTest.addProcedureUserMustCommentToAcknowledge()'><b>addProcedureUserMustCommentToAcknowledge</b><br>Test class: com.VMS.TestCases.TC_ProcedurePageTest</td>
<td></td>
<td>1</td>
<td>com.VMS.TestCases.TC_ProcedurePageTest@1eba372c</td></tr>
<tr>
<td title='com.VMS.TestCases.TC_ProcedurePageTest.addProcedureToAttachFileForReference()'><b>addProcedureToAttachFileForReference</b><br>Test class: com.VMS.TestCases.TC_ProcedurePageTest</td>
<td></td>
<td>2</td>
<td>com.VMS.TestCases.TC_ProcedurePageTest@1eba372c</td></tr>
</table><p>
</body>
</html>