<?xml version="1.0" encoding="UTF-8"?>
<testng-results ignored="0" total="9" passed="7" failed="2" skipped="0">
  <reporter-output>
  </reporter-output>
  <suite started-at="2022-11-23T19:36:23 IST" name="Suite" finished-at="2022-11-23T19:40:32 IST" duration-ms="248960">
    <groups>
    </groups>
    <test started-at="2022-11-23T19:36:23 IST" name="Test" finished-at="2022-11-23T19:40:32 IST" duration-ms="248960">
      <class name="com.VMS.TestCases.TC_WebPagesTest">
        <test-method is-config="true" signature="setup()[pri:0, instance:com.VMS.TestCases.TC_WebPagesTest@53aac487]" started-at="2022-11-23T19:36:39 IST" name="setup" finished-at="2022-11-23T19:36:50 IST" duration-ms="10736" status="PASS">
          <reporter-output>
          </reporter-output>
        </test-method> <!-- setup -->
        <test-method signature="AddWebPages()[pri:1, instance:com.VMS.TestCases.TC_WebPagesTest@53aac487]" started-at="2022-11-23T19:36:50 IST" name="AddWebPages" finished-at="2022-11-23T19:37:33 IST" duration-ms="42758" status="PASS">
          <reporter-output>
          </reporter-output>
        </test-method> <!-- AddWebPages -->
        <test-method signature="deleteWebPages()[pri:2, instance:com.VMS.TestCases.TC_WebPagesTest@53aac487]" started-at="2022-11-23T19:37:33 IST" name="deleteWebPages" finished-at="2022-11-23T19:38:40 IST" duration-ms="67408" status="PASS">
          <reporter-output>
          </reporter-output>
        </test-method> <!-- deleteWebPages -->
        <test-method is-config="true" signature="tearDown()[pri:0, instance:com.VMS.TestCases.TC_WebPagesTest@53aac487]" started-at="2022-11-23T19:38:40 IST" name="tearDown" finished-at="2022-11-23T19:38:40 IST" duration-ms="106" status="PASS">
          <reporter-output>
          </reporter-output>
        </test-method> <!-- tearDown -->
      </class> <!-- com.VMS.TestCases.TC_WebPagesTest -->
      <class name="com.VMS.TestCases.TC_loginPageTest">
        <test-method is-config="true" signature="setup()[pri:0, instance:com.VMS.TestCases.TC_loginPageTest@4efac082]" started-at="2022-11-23T19:36:23 IST" name="setup" finished-at="2022-11-23T19:36:35 IST" duration-ms="11976" status="PASS">
          <reporter-output>
          </reporter-output>
        </test-method> <!-- setup -->
        <test-method signature="verifyADMINLogin()[pri:1, instance:com.VMS.TestCases.TC_loginPageTest@4efac082]" started-at="2022-11-23T19:36:35 IST" name="verifyADMINLogin" finished-at="2022-11-23T19:36:35 IST" duration-ms="23" status="PASS">
          <reporter-output>
          </reporter-output>
        </test-method> <!-- verifyADMINLogin -->
        <test-method signature="verifyLogOut()[pri:2, instance:com.VMS.TestCases.TC_loginPageTest@4efac082]" started-at="2022-11-23T19:36:35 IST" name="verifyLogOut" finished-at="2022-11-23T19:36:39 IST" depends-on-methods="com.VMS.TestCases.TC_loginPageTest.verifyADMINLogin" duration-ms="3619" status="PASS">
          <reporter-output>
          </reporter-output>
        </test-method> <!-- verifyLogOut -->
        <test-method is-config="true" signature="tearDown()[pri:0, instance:com.VMS.TestCases.TC_loginPageTest@4efac082]" started-at="2022-11-23T19:36:39 IST" name="tearDown" finished-at="2022-11-23T19:36:39 IST" duration-ms="123" status="PASS">
          <reporter-output>
          </reporter-output>
        </test-method> <!-- tearDown -->
      </class> <!-- com.VMS.TestCases.TC_loginPageTest -->
      <class name="com.VMS.TestCases.TC_ConfigurationPageTest">
        <test-method is-config="true" signature="setup()[pri:0, instance:com.VMS.TestCases.TC_ConfigurationPageTest@7db12bb6]" started-at="2022-11-23T19:38:40 IST" name="setup" finished-at="2022-11-23T19:38:50 IST" duration-ms="9722" status="PASS">
          <reporter-output>
          </reporter-output>
        </test-method> <!-- setup -->
        <test-method signature="OpenNVRsPage()[pri:1, instance:com.VMS.TestCases.TC_ConfigurationPageTest@7db12bb6]" started-at="2022-11-23T19:38:50 IST" name="OpenNVRsPage" finished-at="2022-11-23T19:38:54 IST" duration-ms="4473" status="PASS">
          <reporter-output>
          </reporter-output>
        </test-method> <!-- OpenNVRsPage -->
        <test-method signature="OpenRNVRsPage()[pri:2, instance:com.VMS.TestCases.TC_ConfigurationPageTest@7db12bb6]" started-at="2022-11-23T19:38:54 IST" name="OpenRNVRsPage" finished-at="2022-11-23T19:39:17 IST" duration-ms="22382" status="FAIL">
          <exception class="java.lang.AssertionError">
            <message>
              <![CDATA[expected [http://localhost/#/configuration/devices/nvr_redundancy] but found [http://localhost/#/configuration/home/landing]]]>
            </message>
            <full-stacktrace>
              <![CDATA[java.lang.AssertionError: expected [http://localhost/#/configuration/devices/nvr_redundancy] but found [http://localhost/#/configuration/home/landing]
at org.testng.Assert.fail(Assert.java:99)
at org.testng.Assert.failNotEquals(Assert.java:1037)
at org.testng.Assert.assertEqualsImpl(Assert.java:140)
at org.testng.Assert.assertEquals(Assert.java:122)
at org.testng.Assert.assertEquals(Assert.java:629)
at org.testng.Assert.assertEquals(Assert.java:639)
at com.VMS.TestCases.TC_ConfigurationPageTest.OpenRNVRsPage(TC_ConfigurationPageTest.java:39)
at java.base/jdk.internal.reflect.NativeMethodAccessorImpl.invoke0(Native Method)
at java.base/jdk.internal.reflect.NativeMethodAccessorImpl.invoke(NativeMethodAccessorImpl.java:77)
at java.base/jdk.internal.reflect.DelegatingMethodAccessorImpl.invoke(DelegatingMethodAccessorImpl.java:43)
at java.base/java.lang.reflect.Method.invoke(Method.java:568)
at org.testng.internal.MethodInvocationHelper.invokeMethod(MethodInvocationHelper.java:133)
at org.testng.internal.TestInvoker.invokeMethod(TestInvoker.java:598)
at org.testng.internal.TestInvoker.invokeTestMethod(TestInvoker.java:173)
at org.testng.internal.MethodRunner.runInSequence(MethodRunner.java:46)
at org.testng.internal.TestInvoker$MethodInvocationAgent.invoke(TestInvoker.java:824)
at org.testng.internal.TestInvoker.invokeTestMethods(TestInvoker.java:146)
at org.testng.internal.TestMethodWorker.invokeTestMethods(TestMethodWorker.java:146)
at org.testng.internal.TestMethodWorker.run(TestMethodWorker.java:128)
at java.base/java.util.ArrayList.forEach(ArrayList.java:1511)
at org.testng.TestRunner.privateRun(TestRunner.java:794)
at org.testng.TestRunner.run(TestRunner.java:596)
at org.testng.SuiteRunner.runTest(SuiteRunner.java:377)
at org.testng.SuiteRunner.runSequentially(SuiteRunner.java:371)
at org.testng.SuiteRunner.privateRun(SuiteRunner.java:332)
at org.testng.SuiteRunner.run(SuiteRunner.java:276)
at org.testng.SuiteRunnerWorker.runSuite(SuiteRunnerWorker.java:53)
at org.testng.SuiteRunnerWorker.run(SuiteRunnerWorker.java:96)
at org.testng.TestNG.runSuitesSequentially(TestNG.java:1212)
at org.testng.TestNG.runSuitesLocally(TestNG.java:1134)
at org.testng.TestNG.runSuites(TestNG.java:1063)
at org.testng.TestNG.run(TestNG.java:1031)
at org.testng.remote.AbstractRemoteTestNG.run(AbstractRemoteTestNG.java:115)
at org.testng.remote.RemoteTestNG.initAndRun(RemoteTestNG.java:251)
at org.testng.remote.RemoteTestNG.main(RemoteTestNG.java:77)
]]>
            </full-stacktrace>
          </exception> <!-- java.lang.AssertionError -->
          <reporter-output>
          </reporter-output>
        </test-method> <!-- OpenRNVRsPage -->
        <test-method signature="OpenAnalyticsServersPage()[pri:3, instance:com.VMS.TestCases.TC_ConfigurationPageTest@7db12bb6]" started-at="2022-11-23T19:39:17 IST" name="OpenAnalyticsServersPage" finished-at="2022-11-23T19:39:24 IST" duration-ms="7490" status="PASS">
          <reporter-output>
          </reporter-output>
        </test-method> <!-- OpenAnalyticsServersPage -->
        <test-method signature="OpenVideoChannelsPage()[pri:4, instance:com.VMS.TestCases.TC_ConfigurationPageTest@7db12bb6]" started-at="2022-11-23T19:39:24 IST" name="OpenVideoChannelsPage" finished-at="2022-11-23T19:39:51 IST" duration-ms="26759" status="PASS">
          <reporter-output>
          </reporter-output>
        </test-method> <!-- OpenVideoChannelsPage -->
        <test-method signature="OpenAudioChannelsPage()[pri:5, instance:com.VMS.TestCases.TC_ConfigurationPageTest@7db12bb6]" started-at="2022-11-23T19:39:51 IST" name="OpenAudioChannelsPage" finished-at="2022-11-23T19:40:32 IST" duration-ms="40965" status="FAIL">
          <exception class="org.openqa.selenium.NoSuchElementException">
            <message>
              <![CDATA[Unable to find element with xpath == //div[contains(@class,'Audio Channels')]
For documentation on this error, please visit: https://selenium.dev/exceptions/#no_such_element
Build info: version: '4.1.1', revision: 'e8fcc2cecf'
System info: host: 'NIKHILSHIVARKAR', ip: '172.20.10.140', os.name: 'Windows 10', os.arch: 'amd64', os.version: '10.0', java.version: '17.0.1'
Driver info: org.openqa.selenium.ie.InternetExplorerDriver
Command: [ddf70c44-3d9c-4618-a01d-cfdaad0d8f49, findElement {using=xpath, value=//div[contains(@class,'Audio Channels')]}]
Capabilities {acceptInsecureCerts: false, browserName: internet explorer, browserVersion: 11, javascriptEnabled: true, pageLoadStrategy: normal, platform: WINDOWS, platformName: WINDOWS, proxy: Proxy(), se:ieOptions: {browserAttachTimeout: 0, elementScrollBehavior: 0, enablePersistentHover: true, ie.browserCommandLineSwitches: , ie.edgechromium: false, ie.edgepath: , ie.ensureCleanSession: false, ie.fileUploadDialogTimeout: 3000, ie.forceCreateProcessApi: false, ignoreProtectedModeSettings: false, ignoreZoomSetting: false, initialBrowserUrl: http://localhost:59553/, nativeEvents: true, requireWindowFocus: false}, setWindowRect: true, strictFileInteractability: false, timeouts: {implicit: 0, pageLoad: 300000, script: 30000}, unhandledPromptBehavior: dismiss and notify}
Session ID: ddf70c44-3d9c-4618-a01d-cfdaad0d8f49]]>
            </message>
            <full-stacktrace>
              <![CDATA[org.openqa.selenium.NoSuchElementException: Unable to find element with xpath == //div[contains(@class,'Audio Channels')]
For documentation on this error, please visit: https://selenium.dev/exceptions/#no_such_element
Build info: version: '4.1.1', revision: 'e8fcc2cecf'
System info: host: 'NIKHILSHIVARKAR', ip: '172.20.10.140', os.name: 'Windows 10', os.arch: 'amd64', os.version: '10.0', java.version: '17.0.1'
Driver info: org.openqa.selenium.ie.InternetExplorerDriver
Command: [ddf70c44-3d9c-4618-a01d-cfdaad0d8f49, findElement {using=xpath, value=//div[contains(@class,'Audio Channels')]}]
Capabilities {acceptInsecureCerts: false, browserName: internet explorer, browserVersion: 11, javascriptEnabled: true, pageLoadStrategy: normal, platform: WINDOWS, platformName: WINDOWS, proxy: Proxy(), se:ieOptions: {browserAttachTimeout: 0, elementScrollBehavior: 0, enablePersistentHover: true, ie.browserCommandLineSwitches: , ie.edgechromium: false, ie.edgepath: , ie.ensureCleanSession: false, ie.fileUploadDialogTimeout: 3000, ie.forceCreateProcessApi: false, ignoreProtectedModeSettings: false, ignoreZoomSetting: false, initialBrowserUrl: http://localhost:59553/, nativeEvents: true, requireWindowFocus: false}, setWindowRect: true, strictFileInteractability: false, timeouts: {implicit: 0, pageLoad: 300000, script: 30000}, unhandledPromptBehavior: dismiss and notify}
Session ID: ddf70c44-3d9c-4618-a01d-cfdaad0d8f49
at java.base/jdk.internal.reflect.NativeConstructorAccessorImpl.newInstance0(Native Method)
at java.base/jdk.internal.reflect.NativeConstructorAccessorImpl.newInstance(NativeConstructorAccessorImpl.java:77)
at java.base/jdk.internal.reflect.DelegatingConstructorAccessorImpl.newInstance(DelegatingConstructorAccessorImpl.java:45)
at java.base/java.lang.reflect.Constructor.newInstanceWithCaller(Constructor.java:499)
at java.base/java.lang.reflect.Constructor.newInstance(Constructor.java:480)
at org.openqa.selenium.remote.codec.w3c.W3CHttpResponseCodec.createException(W3CHttpResponseCodec.java:200)
at org.openqa.selenium.remote.codec.w3c.W3CHttpResponseCodec.decode(W3CHttpResponseCodec.java:133)
at org.openqa.selenium.remote.codec.w3c.W3CHttpResponseCodec.decode(W3CHttpResponseCodec.java:53)
at org.openqa.selenium.remote.HttpCommandExecutor.execute(HttpCommandExecutor.java:184)
at org.openqa.selenium.remote.service.DriverCommandExecutor.invokeExecute(DriverCommandExecutor.java:167)
at org.openqa.selenium.remote.service.DriverCommandExecutor.execute(DriverCommandExecutor.java:142)
at org.openqa.selenium.remote.RemoteWebDriver.execute(RemoteWebDriver.java:543)
at org.openqa.selenium.remote.ElementLocation$ElementFinder$2.findElement(ElementLocation.java:162)
at org.openqa.selenium.remote.ElementLocation.findElement(ElementLocation.java:60)
at org.openqa.selenium.remote.RemoteWebDriver.findElement(RemoteWebDriver.java:367)
at org.openqa.selenium.remote.RemoteWebDriver.findElement(RemoteWebDriver.java:359)
at org.openqa.selenium.support.pagefactory.DefaultElementLocator.findElement(DefaultElementLocator.java:70)
at org.openqa.selenium.support.pagefactory.internal.LocatingElementHandler.invoke(LocatingElementHandler.java:39)
at jdk.proxy2/jdk.proxy2.$Proxy32.click(Unknown Source)
at com.VMS.PageObject.vms_ConfigurationPage.openAudioChannelsPage(vms_ConfigurationPage.java:223)
at com.VMS.TestCases.TC_ConfigurationPageTest.OpenAudioChannelsPage(TC_ConfigurationPageTest.java:76)
at java.base/jdk.internal.reflect.NativeMethodAccessorImpl.invoke0(Native Method)
at java.base/jdk.internal.reflect.NativeMethodAccessorImpl.invoke(NativeMethodAccessorImpl.java:77)
at java.base/jdk.internal.reflect.DelegatingMethodAccessorImpl.invoke(DelegatingMethodAccessorImpl.java:43)
at java.base/java.lang.reflect.Method.invoke(Method.java:568)
at org.testng.internal.MethodInvocationHelper.invokeMethod(MethodInvocationHelper.java:133)
at org.testng.internal.TestInvoker.invokeMethod(TestInvoker.java:598)
at org.testng.internal.TestInvoker.invokeTestMethod(TestInvoker.java:173)
at org.testng.internal.MethodRunner.runInSequence(MethodRunner.java:46)
at org.testng.internal.TestInvoker$MethodInvocationAgent.invoke(TestInvoker.java:824)
at org.testng.internal.TestInvoker.invokeTestMethods(TestInvoker.java:146)
at org.testng.internal.TestMethodWorker.invokeTestMethods(TestMethodWorker.java:146)
at org.testng.internal.TestMethodWorker.run(TestMethodWorker.java:128)
at java.base/java.util.ArrayList.forEach(ArrayList.java:1511)
at org.testng.TestRunner.privateRun(TestRunner.java:794)
at org.testng.TestRunner.run(TestRunner.java:596)
at org.testng.SuiteRunner.runTest(SuiteRunner.java:377)
at org.testng.SuiteRunner.runSequentially(SuiteRunner.java:371)
at org.testng.SuiteRunner.privateRun(SuiteRunner.java:332)
at org.testng.SuiteRunner.run(SuiteRunner.java:276)
at org.testng.SuiteRunnerWorker.runSuite(SuiteRunnerWorker.java:53)
at org.testng.SuiteRunnerWorker.run(SuiteRunnerWorker.java:96)
at org.testng.TestNG.runSuitesSequentially(TestNG.java:1212)
at org.testng.TestNG.runSuitesLocally(TestNG.java:1134)
at org.testng.TestNG.runSuites(TestNG.java:1063)
at org.testng.TestNG.run(TestNG.java:1031)
at org.testng.remote.AbstractRemoteTestNG.run(AbstractRemoteTestNG.java:115)
at org.testng.remote.RemoteTestNG.initAndRun(RemoteTestNG.java:251)
at org.testng.remote.RemoteTestNG.main(RemoteTestNG.java:77)
]]>
            </full-stacktrace>
          </exception> <!-- org.openqa.selenium.NoSuchElementException -->
          <reporter-output>
          </reporter-output>
        </test-method> <!-- OpenAudioChannelsPage -->
        <test-method is-config="true" signature="tearDown()[pri:0, instance:com.VMS.TestCases.TC_ConfigurationPageTest@7db12bb6]" started-at="2022-11-23T19:40:32 IST" name="tearDown" finished-at="2022-11-23T19:40:32 IST" duration-ms="107" status="PASS">
          <reporter-output>
          </reporter-output>
        </test-method> <!-- tearDown -->
      </class> <!-- com.VMS.TestCases.TC_ConfigurationPageTest -->
    </test> <!-- Test -->
  </suite> <!-- Suite -->
</testng-results>
